<?xml version="1.0" encoding="UTF-8"?>
<!-- Generated by org.testng.reporters.JUnitXMLReporter -->
<testsuite hostname="VASITQA0001" ignored="4" name="Test" tests="6" failures="0" timestamp="09 Apr 2020 13:55:24 GMT" time="59.069" errors="0">
  <testcase name="LoginAsBankManager" time="4.434" classname="com.bank.testcases.Bankmanger"/>
  <testcase name="AddCustomerTest" time="20.563" classname="com.bank.testcases.AddCustomerTest"/>
  <testcase name="AddCustomerTest" time="20.538" classname="com.bank.testcases.AddCustomerTest"/>
  <testcase name="OpenAccountTest" time="0.87" classname="com.bank.testcases.OpenAccountTest"/>
  <testcase name="search" time="6.421" classname="com.bank.testcases.OpenAccountTest"/>
  <testcase name="search" time="6.191" classname="com.bank.testcases.OpenAccountTest"/>
  <testcase name="@BeforeSuite baseTest" time="0.0" classname="com.bank.base.Baseclass">
    <ignored/>
  </testcase> <!-- @BeforeSuite baseTest -->
  <testcase name="@BeforeSuite baseTest" time="0.0" classname="com.bank.base.Baseclass">
    <ignored/>
  </testcase> <!-- @BeforeSuite baseTest -->
  <testcase name="@AfterSuite tearDown" time="0.0" classname="com.bank.base.Baseclass">
    <ignored/>
  </testcase> <!-- @AfterSuite tearDown -->
  <testcase name="@AfterSuite tearDown" time="0.0" classname="com.bank.base.Baseclass">
    <ignored/>
  </testcase> <!-- @AfterSuite tearDown -->
</testsuite> <!-- Test -->
