<?xml version="1.0" encoding="UTF-8"?>
<testng-results skipped="0" failed="0" ignored="4" total="10" passed="6">
  <reporter-output>
  </reporter-output>
  <suite name="Suite" duration-ms="59069" started-at="2020-04-09T13:54:25Z" finished-at="2020-04-09T13:55:24Z">
    <groups>
    </groups>
    <test name="Test" duration-ms="59069" started-at="2020-04-09T13:54:25Z" finished-at="2020-04-09T13:55:24Z">
      <class name="com.bank.testcases.OpenAccountTest">
        <test-method status="PASS" signature="OpenAccountTest(java.lang.String, java.lang.String)[pri:0, instance:com.bank.testcases.OpenAccountTest@9597028]" name="OpenAccountTest" duration-ms="870" started-at="2020-04-09T13:55:11Z" data-provider="dp" finished-at="2020-04-09T13:55:12Z">
          <params>
            <param index="0">
              <value>
                <![CDATA[Harry Potter]]>
              </value>
            </param>
            <param index="1">
              <value>
                <![CDATA[Pound]]>
              </value>
            </param>
          </params>
          <reporter-output>
          </reporter-output>
        </test-method> <!-- OpenAccountTest -->
        <test-method status="PASS" signature="search(java.lang.String)[pri:0, instance:com.bank.testcases.OpenAccountTest@9597028]" name="search" duration-ms="6421" started-at="2020-04-09T13:55:12Z" data-provider="dp" finished-at="2020-04-09T13:55:18Z">
          <params>
            <param index="0">
              <value>
                <![CDATA[anil]]>
              </value>
            </param>
          </params>
          <reporter-output>
          </reporter-output>
        </test-method> <!-- search -->
        <test-method status="PASS" signature="search(java.lang.String)[pri:0, instance:com.bank.testcases.OpenAccountTest@9597028]" name="search" duration-ms="6191" started-at="2020-04-09T13:55:18Z" data-provider="dp" finished-at="2020-04-09T13:55:24Z">
          <params>
            <param index="0">
              <value>
                <![CDATA[ashok]]>
              </value>
            </param>
          </params>
          <reporter-output>
          </reporter-output>
        </test-method> <!-- search -->
      </class> <!-- com.bank.testcases.OpenAccountTest -->
      <class name="com.bank.testcases.AddCustomerTest">
        <test-method status="PASS" signature="AddCustomerTest(java.lang.String, java.lang.String, java.lang.String)[pri:0, instance:com.bank.testcases.AddCustomerTest@49139829]" name="AddCustomerTest" duration-ms="20563" started-at="2020-04-09T13:54:30Z" data-provider="dp" finished-at="2020-04-09T13:54:50Z">
          <params>
            <param index="0">
              <value>
                <![CDATA[aa]]>
              </value>
            </param>
            <param index="1">
              <value>
                <![CDATA[bb]]>
              </value>
            </param>
            <param index="2">
              <value>
                <![CDATA[1234.0]]>
              </value>
            </param>
          </params>
          <reporter-output>
          </reporter-output>
        </test-method> <!-- AddCustomerTest -->
        <test-method status="PASS" signature="AddCustomerTest(java.lang.String, java.lang.String, java.lang.String)[pri:0, instance:com.bank.testcases.AddCustomerTest@49139829]" name="AddCustomerTest" duration-ms="20538" started-at="2020-04-09T13:54:50Z" data-provider="dp" finished-at="2020-04-09T13:55:11Z">
          <params>
            <param index="0">
              <value>
                <![CDATA[cc]]>
              </value>
            </param>
            <param index="1">
              <value>
                <![CDATA[dd]]>
              </value>
            </param>
            <param index="2">
              <value>
                <![CDATA[4567.0]]>
              </value>
            </param>
          </params>
          <reporter-output>
          </reporter-output>
        </test-method> <!-- AddCustomerTest -->
      </class> <!-- com.bank.testcases.AddCustomerTest -->
      <class name="com.bank.testcases.Bankmanger">
        <test-method status="PASS" signature="baseTest()[pri:0, instance:com.bank.testcases.Bankmanger@223191a6]" name="baseTest" is-config="true" duration-ms="2960" started-at="2020-04-09T13:54:22Z" finished-at="2020-04-09T13:54:25Z">
          <reporter-output>
          </reporter-output>
        </test-method> <!-- baseTest -->
        <test-method status="PASS" signature="LoginAsBankManager()[pri:0, instance:com.bank.testcases.Bankmanger@223191a6]" name="LoginAsBankManager" duration-ms="4434" started-at="2020-04-09T13:54:25Z" finished-at="2020-04-09T13:54:30Z">
          <reporter-output>
          </reporter-output>
        </test-method> <!-- LoginAsBankManager -->
        <test-method status="PASS" signature="tearDown()[pri:0, instance:com.bank.testcases.Bankmanger@223191a6]" name="tearDown" is-config="true" duration-ms="72" started-at="2020-04-09T13:55:24Z" finished-at="2020-04-09T13:55:25Z">
          <reporter-output>
          </reporter-output>
        </test-method> <!-- tearDown -->
      </class> <!-- com.bank.testcases.Bankmanger -->
    </test> <!-- Test -->
  </suite> <!-- Suite -->
</testng-results>
